Started GET "/" for 127.0.0.1 at 2024-07-07 18:57:01 -0500
  [1m[35m (7.2ms)[0m  [1m[35mCREATE TABLE "schema_migrations" ("version" varchar NOT NULL PRIMARY KEY)[0m
  [1m[35m (0.6ms)[0m  [1m[35mCREATE TABLE "ar_internal_metadata" ("key" varchar NOT NULL PRIMARY KEY, "value" varchar, "created_at" datetime(6) NOT NULL, "updated_at" datetime(6) NOT NULL)[0m
  [1m[36mActiveRecord::SchemaMigration Load (0.2ms)[0m  [1m[34mSELECT "schema_migrations"."version" FROM "schema_migrations" ORDER BY "schema_migrations"."version" ASC[0m
Processing by Rails::WelcomeController#index as HTML
  Rendering /home/chris/.asdf/installs/ruby/3.3.0/lib/ruby/gems/3.3.0/gems/railties-7.1.3.4/lib/rails/templates/rails/welcome/index.html.erb
  Rendered /home/chris/.asdf/installs/ruby/3.3.0/lib/ruby/gems/3.3.0/gems/railties-7.1.3.4/lib/rails/templates/rails/welcome/index.html.erb (Duration: 1.1ms | Allocations: 374)
Completed 200 OK in 83ms (Views: 16.8ms | ActiveRecord: 0.0ms | Allocations: 7764)


  [1m[36mActiveRecord::InternalMetadata Load (0.5ms)[0m  [1m[34mSELECT * FROM "ar_internal_metadata" WHERE "ar_internal_metadata"."key" = ? ORDER BY "ar_internal_metadata"."key" ASC LIMIT 1[0m  [[nil, "environment"]]
  [1m[36mActiveRecord::InternalMetadata Create (6.3ms)[0m  [1m[32mINSERT INTO "ar_internal_metadata" ("key", "value", "created_at", "updated_at") VALUES ('environment', 'development', '2024-07-08 00:54:46.512770', '2024-07-08 00:54:46.512774') RETURNING "key"[0m
  [1m[36mActiveRecord::SchemaMigration Load (0.2ms)[0m  [1m[34mSELECT "schema_migrations"."version" FROM "schema_migrations" ORDER BY "schema_migrations"."version" ASC[0m
Migrating to CreateTaxRateByLocations (20240708005438)
  [1m[36mTRANSACTION (0.1ms)[0m  [1m[36mbegin transaction[0m
  [1m[35m (1.3ms)[0m  [1m[35mCREATE TABLE "tax_rate_by_locations" ("id" integer PRIMARY KEY AUTOINCREMENT NOT NULL, "province" varchar, "current_gst" integer, "current_hst" integer, "current_pst" integer, "current_qst" integer, "created_at" datetime(6) NOT NULL, "updated_at" datetime(6) NOT NULL)[0m
  [1m[36mActiveRecord::SchemaMigration Create (0.2ms)[0m  [1m[32mINSERT INTO "schema_migrations" ("version") VALUES ('20240708005438') RETURNING "version"[0m
  [1m[36mTRANSACTION (0.2ms)[0m  [1m[36mcommit transaction[0m
  [1m[36mActiveRecord::SchemaMigration Load (0.1ms)[0m  [1m[34mSELECT "schema_migrations"."version" FROM "schema_migrations" ORDER BY "schema_migrations"."version" ASC[0m
  [1m[36mActiveRecord::InternalMetadata Load (0.2ms)[0m  [1m[34mSELECT * FROM "ar_internal_metadata" WHERE "ar_internal_metadata"."key" = ? ORDER BY "ar_internal_metadata"."key" ASC LIMIT 1[0m  [[nil, "environment"]]
  [1m[36mActiveRecord::SchemaMigration Load (0.2ms)[0m  [1m[34mSELECT "schema_migrations"."version" FROM "schema_migrations" ORDER BY "schema_migrations"."version" ASC[0m
Migrating to CreateUsers (20240708201357)
  [1m[36mTRANSACTION (0.1ms)[0m  [1m[36mbegin transaction[0m
  [1m[35m (1.4ms)[0m  [1m[35mCREATE TABLE "users" ("id" integer PRIMARY KEY AUTOINCREMENT NOT NULL, "user_name" varchar, "password" varchar, "email" varchar, "description" text, "address" varchar, "tax_rate_by_location_id" integer NOT NULL, "created_at" datetime(6) NOT NULL, "updated_at" datetime(6) NOT NULL, CONSTRAINT "fk_rails_481efa9c6f"
FOREIGN KEY ("tax_rate_by_location_id")
  REFERENCES "tax_rate_by_locations" ("id")
)[0m
  [1m[35m (0.2ms)[0m  [1m[35mCREATE INDEX "index_users_on_tax_rate_by_location_id" ON "users" ("tax_rate_by_location_id")[0m
  [1m[36mActiveRecord::SchemaMigration Create (0.3ms)[0m  [1m[32mINSERT INTO "schema_migrations" ("version") VALUES ('20240708201357') RETURNING "version"[0m
  [1m[36mTRANSACTION (0.4ms)[0m  [1m[36mcommit transaction[0m
  [1m[36mActiveRecord::SchemaMigration Load (0.1ms)[0m  [1m[34mSELECT "schema_migrations"."version" FROM "schema_migrations" ORDER BY "schema_migrations"."version" ASC[0m
  [1m[36mActiveRecord::InternalMetadata Load (0.2ms)[0m  [1m[34mSELECT * FROM "ar_internal_metadata" WHERE "ar_internal_metadata"."key" = ? ORDER BY "ar_internal_metadata"."key" ASC LIMIT 1[0m  [[nil, "environment"]]
  [1m[36mActiveRecord::SchemaMigration Load (0.1ms)[0m  [1m[34mSELECT "schema_migrations"."version" FROM "schema_migrations" ORDER BY "schema_migrations"."version" ASC[0m
Migrating to CreateServiceTypes (20240708202532)
  [1m[36mTRANSACTION (0.1ms)[0m  [1m[36mbegin transaction[0m
  [1m[35m (1.5ms)[0m  [1m[35mCREATE TABLE "service_types" ("id" integer PRIMARY KEY AUTOINCREMENT NOT NULL, "service_type_name" varchar, "service_type_description" text, "meeting_required" boolean, "created_at" datetime(6) NOT NULL, "updated_at" datetime(6) NOT NULL)[0m
  [1m[36mActiveRecord::SchemaMigration Create (0.2ms)[0m  [1m[32mINSERT INTO "schema_migrations" ("version") VALUES ('20240708202532') RETURNING "version"[0m
  [1m[36mTRANSACTION (0.2ms)[0m  [1m[36mcommit transaction[0m
  [1m[36mActiveRecord::SchemaMigration Load (0.2ms)[0m  [1m[34mSELECT "schema_migrations"."version" FROM "schema_migrations" ORDER BY "schema_migrations"."version" ASC[0m
  [1m[36mActiveRecord::InternalMetadata Load (0.2ms)[0m  [1m[34mSELECT * FROM "ar_internal_metadata" WHERE "ar_internal_metadata"."key" = ? ORDER BY "ar_internal_metadata"."key" ASC LIMIT 1[0m  [[nil, "environment"]]
  [1m[36mActiveRecord::SchemaMigration Load (0.1ms)[0m  [1m[34mSELECT "schema_migrations"."version" FROM "schema_migrations" ORDER BY "schema_migrations"."version" ASC[0m
Migrating to CreateServiceOffers (20240708202950)
  [1m[36mActiveRecord::InternalMetadata Load (0.2ms)[0m  [1m[34mSELECT * FROM "ar_internal_metadata" WHERE "ar_internal_metadata"."key" = ? ORDER BY "ar_internal_metadata"."key" ASC LIMIT 1[0m  [[nil, "environment"]]
  [1m[36mActiveRecord::SchemaMigration Load (0.1ms)[0m  [1m[34mSELECT "schema_migrations"."version" FROM "schema_migrations" ORDER BY "schema_migrations"."version" ASC[0m
Migrating to CreateServiceOffers (20240708202950)
  [1m[36mTRANSACTION (0.1ms)[0m  [1m[36mbegin transaction[0m
  [1m[35m (1.3ms)[0m  [1m[35mCREATE TABLE "service_offers" ("id" integer PRIMARY KEY AUTOINCREMENT NOT NULL, "service_offer_name" varchar, "service_offer_price" integer, "service_offer_notes" text, "google_forms_link" varchar, "caldotcom_link" varchar, "slot_availabilty" integer, "user_id" integer NOT NULL, "service_type_id" integer NOT NULL, "created_at" datetime(6) NOT NULL, "updated_at" datetime(6) NOT NULL, CONSTRAINT "fk_rails_6b36ba392e"
FOREIGN KEY ("user_id")
  REFERENCES "users" ("id")
, CONSTRAINT "fk_rails_e8837db0e5"
FOREIGN KEY ("service_type_id")
  REFERENCES "service_types" ("id")
)[0m
  [1m[35m (0.1ms)[0m  [1m[35mCREATE INDEX "index_service_offers_on_user_id" ON "service_offers" ("user_id")[0m
  [1m[35m (0.1ms)[0m  [1m[35mCREATE INDEX "index_service_offers_on_service_type_id" ON "service_offers" ("service_type_id")[0m
  [1m[36mActiveRecord::SchemaMigration Create (0.2ms)[0m  [1m[32mINSERT INTO "schema_migrations" ("version") VALUES ('20240708202950') RETURNING "version"[0m
  [1m[36mTRANSACTION (10.5ms)[0m  [1m[36mcommit transaction[0m
  [1m[36mActiveRecord::SchemaMigration Load (0.1ms)[0m  [1m[34mSELECT "schema_migrations"."version" FROM "schema_migrations" ORDER BY "schema_migrations"."version" ASC[0m
  [1m[36mActiveRecord::SchemaMigration Load (0.2ms)[0m  [1m[34mSELECT "schema_migrations"."version" FROM "schema_migrations" ORDER BY "schema_migrations"."version" ASC[0m
  [1m[36mTRANSACTION (0.1ms)[0m  [1m[36mbegin transaction[0m
  [1m[36mTaxRateByLocation Create (1.8ms)[0m  [1m[32mINSERT INTO "tax_rate_by_locations" ("province", "current_gst", "current_hst", "current_pst", "current_qst", "created_at", "updated_at") VALUES (?, ?, ?, ?, ?, ?, ?) RETURNING "id"[0m  [["province", "Manitoba"], ["current_gst", 5], ["current_hst", 0], ["current_pst", 7], ["current_qst", 0], ["created_at", "2024-07-08 20:42:24.726058"], ["updated_at", "2024-07-08 20:42:24.726058"]]
  [1m[36mTRANSACTION (0.2ms)[0m  [1m[36mcommit transaction[0m
  [1m[36mTaxRateByLocation Load (0.1ms)[0m  [1m[34mSELECT "tax_rate_by_locations".* FROM "tax_rate_by_locations" ORDER BY "tax_rate_by_locations"."id" ASC LIMIT ?[0m  [["LIMIT", 1]]
  [1m[36mActiveRecord::SchemaMigration Load (0.2ms)[0m  [1m[34mSELECT "schema_migrations"."version" FROM "schema_migrations" ORDER BY "schema_migrations"."version" ASC[0m
  [1m[36mTRANSACTION (0.1ms)[0m  [1m[36mbegin transaction[0m
  [1m[36mTaxRateByLocation Create (2.3ms)[0m  [1m[32mINSERT INTO "tax_rate_by_locations" ("province", "current_gst", "current_hst", "current_pst", "current_qst", "created_at", "updated_at") VALUES (?, ?, ?, ?, ?, ?, ?) RETURNING "id"[0m  [["province", "Alberta"], ["current_gst", 5], ["current_hst", 0], ["current_pst", 0], ["current_qst", 0], ["created_at", "2024-07-08 20:43:28.770237"], ["updated_at", "2024-07-08 20:43:28.770237"]]
  [1m[36mTRANSACTION (0.2ms)[0m  [1m[36mcommit transaction[0m
  [1m[36mTaxRateByLocation Load (0.2ms)[0m  [1m[34mSELECT "tax_rate_by_locations".* FROM "tax_rate_by_locations" ORDER BY "tax_rate_by_locations"."id" DESC LIMIT ?[0m  [["LIMIT", 1]]
  [1m[36mTaxRateByLocation Load (0.2ms)[0m  [1m[34mSELECT "tax_rate_by_locations".* FROM "tax_rate_by_locations" WHERE "tax_rate_by_locations"."province" = ? /* loading for pp */ LIMIT ?[0m  [["province", "Manitoba"], ["LIMIT", 11]]
  [1m[36mActiveRecord::InternalMetadata Load (0.2ms)[0m  [1m[34mSELECT * FROM "ar_internal_metadata" WHERE "ar_internal_metadata"."key" = ? ORDER BY "ar_internal_metadata"."key" ASC LIMIT 1[0m  [[nil, "environment"]]
  [1m[36mActiveRecord::SchemaMigration Load (0.2ms)[0m  [1m[34mSELECT "schema_migrations"."version" FROM "schema_migrations" ORDER BY "schema_migrations"."version" ASC[0m
Migrating to CreateBookings (20240708205057)
  [1m[36mTRANSACTION (0.1ms)[0m  [1m[36mbegin transaction[0m
  [1m[35m (1.4ms)[0m  [1m[35mCREATE TABLE "bookings" ("id" integer PRIMARY KEY AUTOINCREMENT NOT NULL, "booking_description" text, "google_forms_link" varchar, "caldotcom_link" varchar, "user_id" integer NOT NULL, "service_offer_id" integer NOT NULL, "created_at" datetime(6) NOT NULL, "updated_at" datetime(6) NOT NULL, CONSTRAINT "fk_rails_ef0571f117"
FOREIGN KEY ("user_id")
  REFERENCES "users" ("id")
, CONSTRAINT "fk_rails_3800ae57ff"
FOREIGN KEY ("service_offer_id")
  REFERENCES "service_offers" ("id")
)[0m
  [1m[35m (0.2ms)[0m  [1m[35mCREATE INDEX "index_bookings_on_user_id" ON "bookings" ("user_id")[0m
  [1m[35m (0.2ms)[0m  [1m[35mCREATE INDEX "index_bookings_on_service_offer_id" ON "bookings" ("service_offer_id")[0m
  [1m[36mActiveRecord::SchemaMigration Create (0.2ms)[0m  [1m[32mINSERT INTO "schema_migrations" ("version") VALUES ('20240708205057') RETURNING "version"[0m
  [1m[36mTRANSACTION (0.2ms)[0m  [1m[36mcommit transaction[0m
  [1m[36mActiveRecord::SchemaMigration Load (0.1ms)[0m  [1m[34mSELECT "schema_migrations"."version" FROM "schema_migrations" ORDER BY "schema_migrations"."version" ASC[0m
  [1m[36mActiveRecord::InternalMetadata Load (0.2ms)[0m  [1m[34mSELECT * FROM "ar_internal_metadata" WHERE "ar_internal_metadata"."key" = ? ORDER BY "ar_internal_metadata"."key" ASC LIMIT 1[0m  [[nil, "environment"]]
  [1m[36mActiveRecord::SchemaMigration Load (0.2ms)[0m  [1m[34mSELECT "schema_migrations"."version" FROM "schema_migrations" ORDER BY "schema_migrations"."version" ASC[0m
Migrating to CreateCarts (20240708205223)
  [1m[36mTRANSACTION (0.1ms)[0m  [1m[36mbegin transaction[0m
  [1m[35m (1.9ms)[0m  [1m[35mCREATE TABLE "carts" ("id" integer PRIMARY KEY AUTOINCREMENT NOT NULL, "total" integer, "user_id" integer NOT NULL, "created_at" datetime(6) NOT NULL, "updated_at" datetime(6) NOT NULL, CONSTRAINT "fk_rails_ea59a35211"
FOREIGN KEY ("user_id")
  REFERENCES "users" ("id")
)[0m
  [1m[35m (0.2ms)[0m  [1m[35mCREATE INDEX "index_carts_on_user_id" ON "carts" ("user_id")[0m
  [1m[36mActiveRecord::SchemaMigration Create (0.3ms)[0m  [1m[32mINSERT INTO "schema_migrations" ("version") VALUES ('20240708205223') RETURNING "version"[0m
  [1m[36mTRANSACTION (17.8ms)[0m  [1m[36mcommit transaction[0m
Migrating to CreateCartItems (20240708205335)
  [1m[36mTRANSACTION (0.1ms)[0m  [1m[36mbegin transaction[0m
  [1m[35m (3.3ms)[0m  [1m[35mCREATE TABLE "cart_items" ("id" integer PRIMARY KEY AUTOINCREMENT NOT NULL, "quantity" integer, "cart_id" integer NOT NULL, "service_offer_id" integer NOT NULL, "created_at" datetime(6) NOT NULL, "updated_at" datetime(6) NOT NULL, CONSTRAINT "fk_rails_6cdb1f0139"
FOREIGN KEY ("cart_id")
  REFERENCES "carts" ("id")
, CONSTRAINT "fk_rails_becc69d340"
FOREIGN KEY ("service_offer_id")
  REFERENCES "service_offers" ("id")
)[0m
  [1m[35m (0.3ms)[0m  [1m[35mCREATE INDEX "index_cart_items_on_cart_id" ON "cart_items" ("cart_id")[0m
  [1m[35m (0.2ms)[0m  [1m[35mCREATE INDEX "index_cart_items_on_service_offer_id" ON "cart_items" ("service_offer_id")[0m
  [1m[36mActiveRecord::SchemaMigration Create (0.3ms)[0m  [1m[32mINSERT INTO "schema_migrations" ("version") VALUES ('20240708205335') RETURNING "version"[0m
  [1m[36mTRANSACTION (0.2ms)[0m  [1m[36mcommit transaction[0m
  [1m[36mActiveRecord::SchemaMigration Load (0.1ms)[0m  [1m[34mSELECT "schema_migrations"."version" FROM "schema_migrations" ORDER BY "schema_migrations"."version" ASC[0m
  [1m[36mTaxRateByLocation Ids (0.1ms)[0m  [1m[34mSELECT "tax_rate_by_locations"."id" FROM "tax_rate_by_locations" WHERE "tax_rate_by_locations"."province" = ?[0m  [["province", "Manitoba"]]
  [1m[36mTaxRateByLocation Load (0.2ms)[0m  [1m[34mSELECT "tax_rate_by_locations".* FROM "tax_rate_by_locations" WHERE "tax_rate_by_locations"."province" = ? ORDER BY "tax_rate_by_locations"."id" ASC LIMIT ?[0m  [["province", "Manitoba"], ["LIMIT", 1]]
  [1m[36mActiveRecord::SchemaMigration Load (0.2ms)[0m  [1m[34mSELECT "schema_migrations"."version" FROM "schema_migrations" ORDER BY "schema_migrations"."version" ASC[0m
  [1m[36mTaxRateByLocation Load (0.2ms)[0m  [1m[34mSELECT "tax_rate_by_locations".* FROM "tax_rate_by_locations" WHERE "tax_rate_by_locations"."province" = ? ORDER BY "tax_rate_by_locations"."id" ASC LIMIT ?[0m  [["province", "Manitoba"], ["LIMIT", 1]]
  [1m[36mTRANSACTION (0.1ms)[0m  [1m[36mbegin transaction[0m
  [1m[36mTaxRateByLocation Load (1.7ms)[0m  [1m[34mSELECT "tax_rate_by_locations".* FROM "tax_rate_by_locations" WHERE "tax_rate_by_locations"."id" = ? LIMIT ?[0m  [["id", 1], ["LIMIT", 1]]
  [1m[36mUser Create (0.2ms)[0m  [1m[32mINSERT INTO "users" ("user_name", "password", "email", "description", "address", "tax_rate_by_location_id", "created_at", "updated_at") VALUES (?, ?, ?, ?, ?, ?, ?, ?) RETURNING "id"[0m  [["user_name", "Chris"], ["password", "[FILTERED]"], ["email", "chrissmithart@proton.me"], ["description", "DM, Artist, Programmer."], ["address", "888 Mulvey Avenue"], ["tax_rate_by_location_id", 1], ["created_at", "2024-07-08 21:06:30.186163"], ["updated_at", "2024-07-08 21:06:30.186163"]]
  [1m[36mTRANSACTION (0.2ms)[0m  [1m[36mcommit transaction[0m
  [1m[36mUser Load (0.2ms)[0m  [1m[34mSELECT "users".* FROM "users" ORDER BY "users"."id" ASC LIMIT ?[0m  [["LIMIT", 1]]
  [1m[36mUser Load (0.1ms)[0m  [1m[34mSELECT "users".* FROM "users" ORDER BY "users"."id" ASC LIMIT ?[0m  [["LIMIT", 1]]
  [1m[36mUser Load (0.1ms)[0m  [1m[34mSELECT "users".* FROM "users" ORDER BY "users"."id" ASC LIMIT ?[0m  [["LIMIT", 1]]
  [1m[36mTaxRateByLocation Load (0.2ms)[0m  [1m[34mSELECT "tax_rate_by_locations".* FROM "tax_rate_by_locations" WHERE "tax_rate_by_locations"."id" = ? LIMIT ?[0m  [["id", 1], ["LIMIT", 1]]
  [1m[36mActiveRecord::InternalMetadata Load (0.2ms)[0m  [1m[34mSELECT * FROM "ar_internal_metadata" WHERE "ar_internal_metadata"."key" = ? ORDER BY "ar_internal_metadata"."key" ASC LIMIT 1[0m  [[nil, "environment"]]
  [1m[36mActiveRecord::SchemaMigration Load (0.2ms)[0m  [1m[34mSELECT "schema_migrations"."version" FROM "schema_migrations" ORDER BY "schema_migrations"."version" ASC[0m
Migrating to CreateOrderItemStatuses (20240708210958)
  [1m[36mTRANSACTION (0.1ms)[0m  [1m[36mbegin transaction[0m
  [1m[35m (1.3ms)[0m  [1m[35mCREATE TABLE "order_item_statuses" ("id" integer PRIMARY KEY AUTOINCREMENT NOT NULL, "status" varchar, "created_at" datetime(6) NOT NULL, "updated_at" datetime(6) NOT NULL)[0m
  [1m[36mActiveRecord::SchemaMigration Create (0.2ms)[0m  [1m[32mINSERT INTO "schema_migrations" ("version") VALUES ('20240708210958') RETURNING "version"[0m
  [1m[36mTRANSACTION (0.2ms)[0m  [1m[36mcommit transaction[0m
  [1m[36mActiveRecord::SchemaMigration Load (0.1ms)[0m  [1m[34mSELECT "schema_migrations"."version" FROM "schema_migrations" ORDER BY "schema_migrations"."version" ASC[0m
  [1m[36mActiveRecord::InternalMetadata Load (0.2ms)[0m  [1m[34mSELECT * FROM "ar_internal_metadata" WHERE "ar_internal_metadata"."key" = ? ORDER BY "ar_internal_metadata"."key" ASC LIMIT 1[0m  [[nil, "environment"]]
  [1m[36mActiveRecord::SchemaMigration Load (0.1ms)[0m  [1m[34mSELECT "schema_migrations"."version" FROM "schema_migrations" ORDER BY "schema_migrations"."version" ASC[0m
Migrating to CreateOrderDetails (20240708211419)
  [1m[36mTRANSACTION (0.1ms)[0m  [1m[36mbegin transaction[0m
  [1m[35m (1.2ms)[0m  [1m[35mCREATE TABLE "order_details" ("id" integer PRIMARY KEY AUTOINCREMENT NOT NULL, "time_of_sale_gst" integer, "time_of_sale_hst" integer, "time_of_sale_pst" integer, "time_of_sale_qst" integer, "stripe_item_id" varchar, "user_id" integer NOT NULL, "created_at" datetime(6) NOT NULL, "updated_at" datetime(6) NOT NULL, CONSTRAINT "fk_rails_67f58df321"
FOREIGN KEY ("user_id")
  REFERENCES "users" ("id")
)[0m
  [1m[35m (0.1ms)[0m  [1m[35mCREATE INDEX "index_order_details_on_user_id" ON "order_details" ("user_id")[0m
  [1m[36mActiveRecord::SchemaMigration Create (0.2ms)[0m  [1m[32mINSERT INTO "schema_migrations" ("version") VALUES ('20240708211419') RETURNING "version"[0m
  [1m[36mTRANSACTION (22.6ms)[0m  [1m[36mcommit transaction[0m
  [1m[36mActiveRecord::SchemaMigration Load (0.1ms)[0m  [1m[34mSELECT "schema_migrations"."version" FROM "schema_migrations" ORDER BY "schema_migrations"."version" ASC[0m
  [1m[36mActiveRecord::InternalMetadata Load (0.2ms)[0m  [1m[34mSELECT * FROM "ar_internal_metadata" WHERE "ar_internal_metadata"."key" = ? ORDER BY "ar_internal_metadata"."key" ASC LIMIT 1[0m  [[nil, "environment"]]
  [1m[36mActiveRecord::SchemaMigration Load (0.1ms)[0m  [1m[34mSELECT "schema_migrations"."version" FROM "schema_migrations" ORDER BY "schema_migrations"."version" ASC[0m
Migrating to CreateOrderItems (20240708221319)
  [1m[36mActiveRecord::InternalMetadata Load (0.2ms)[0m  [1m[34mSELECT * FROM "ar_internal_metadata" WHERE "ar_internal_metadata"."key" = ? ORDER BY "ar_internal_metadata"."key" ASC LIMIT 1[0m  [[nil, "environment"]]
  [1m[36mActiveRecord::SchemaMigration Load (0.1ms)[0m  [1m[34mSELECT "schema_migrations"."version" FROM "schema_migrations" ORDER BY "schema_migrations"."version" ASC[0m
Migrating to CreateOrderItems (20240708221811)
  [1m[36mTRANSACTION (0.1ms)[0m  [1m[36mbegin transaction[0m
  [1m[35m (1.8ms)[0m  [1m[35mCREATE TABLE "order_items" ("id" integer PRIMARY KEY AUTOINCREMENT NOT NULL, "price_before_tax" integer, "user_id" integer NOT NULL, "service_offer_id" integer NOT NULL, "order_details_id" integer NOT NULL, "booking_id" integer NOT NULL, "order_item_status_id" integer NOT NULL, "created_at" datetime(6) NOT NULL, "updated_at" datetime(6) NOT NULL, CONSTRAINT "fk_rails_0779e952fa"
FOREIGN KEY ("user_id")
  REFERENCES "users" ("id")
, CONSTRAINT "fk_rails_059ffb05df"
FOREIGN KEY ("service_offer_id")
  REFERENCES "service_offers" ("id")
, CONSTRAINT "fk_rails_db4537d51d"
FOREIGN KEY ("order_details_id")
  REFERENCES "order_details" ("id")
, CONSTRAINT "fk_rails_4e33149d58"
FOREIGN KEY ("booking_id")
  REFERENCES "bookings" ("id")
, CONSTRAINT "fk_rails_bac24773b2"
FOREIGN KEY ("order_item_status_id")
  REFERENCES "order_item_statuses" ("id")
)[0m
  [1m[35m (0.2ms)[0m  [1m[35mCREATE INDEX "index_order_items_on_user_id" ON "order_items" ("user_id")[0m
  [1m[35m (0.2ms)[0m  [1m[35mCREATE INDEX "index_order_items_on_service_offer_id" ON "order_items" ("service_offer_id")[0m
  [1m[35m (0.2ms)[0m  [1m[35mCREATE INDEX "index_order_items_on_order_details_id" ON "order_items" ("order_details_id")[0m
  [1m[35m (0.1ms)[0m  [1m[35mCREATE INDEX "index_order_items_on_booking_id" ON "order_items" ("booking_id")[0m
  [1m[35m (0.2ms)[0m  [1m[35mCREATE INDEX "index_order_items_on_order_item_status_id" ON "order_items" ("order_item_status_id")[0m
  [1m[36mActiveRecord::SchemaMigration Create (0.2ms)[0m  [1m[32mINSERT INTO "schema_migrations" ("version") VALUES ('20240708221811') RETURNING "version"[0m
  [1m[36mTRANSACTION (0.6ms)[0m  [1m[36mcommit transaction[0m
  [1m[36mActiveRecord::SchemaMigration Load (0.2ms)[0m  [1m[34mSELECT "schema_migrations"."version" FROM "schema_migrations" ORDER BY "schema_migrations"."version" ASC[0m
  [1m[36mActiveRecord::InternalMetadata Load (0.2ms)[0m  [1m[34mSELECT * FROM "ar_internal_metadata" WHERE "ar_internal_metadata"."key" = ? ORDER BY "ar_internal_metadata"."key" ASC LIMIT 1[0m  [[nil, "environment"]]
  [1m[36mActiveRecord::SchemaMigration Load (0.1ms)[0m  [1m[34mSELECT "schema_migrations"."version" FROM "schema_migrations" ORDER BY "schema_migrations"."version" ASC[0m
Migrating to CreateLikes (20240708222217)
  [1m[36mTRANSACTION (0.1ms)[0m  [1m[36mbegin transaction[0m
  [1m[35m (1.3ms)[0m  [1m[35mCREATE TABLE "likes" ("id" integer PRIMARY KEY AUTOINCREMENT NOT NULL, "order_item_id" integer NOT NULL, "user_id" integer NOT NULL, "created_at" datetime(6) NOT NULL, "updated_at" datetime(6) NOT NULL, CONSTRAINT "fk_rails_6a49ca317b"
FOREIGN KEY ("order_item_id")
  REFERENCES "order_items" ("id")
, CONSTRAINT "fk_rails_1e09b5dabf"
FOREIGN KEY ("user_id")
  REFERENCES "users" ("id")
)[0m
  [1m[35m (0.2ms)[0m  [1m[35mCREATE INDEX "index_likes_on_order_item_id" ON "likes" ("order_item_id")[0m
  [1m[35m (0.2ms)[0m  [1m[35mCREATE INDEX "index_likes_on_user_id" ON "likes" ("user_id")[0m
  [1m[36mActiveRecord::SchemaMigration Create (0.3ms)[0m  [1m[32mINSERT INTO "schema_migrations" ("version") VALUES ('20240708222217') RETURNING "version"[0m
  [1m[36mTRANSACTION (0.3ms)[0m  [1m[36mcommit transaction[0m
  [1m[36mActiveRecord::SchemaMigration Load (0.1ms)[0m  [1m[34mSELECT "schema_migrations"."version" FROM "schema_migrations" ORDER BY "schema_migrations"."version" ASC[0m
Started GET "/" for 127.0.0.1 at 2024-07-08 17:39:07 -0500
  [1m[36mActiveRecord::SchemaMigration Load (0.2ms)[0m  [1m[34mSELECT "schema_migrations"."version" FROM "schema_migrations" ORDER BY "schema_migrations"."version" ASC[0m
Processing by PagesController#index as HTML
  Rendering layout layouts/application.html.erb
  Rendering pages/index.html.erb within layouts/application
  Rendered pages/index.html.erb within layouts/application (Duration: 0.7ms | Allocations: 184)
  Rendered layout layouts/application.html.erb (Duration: 717.4ms | Allocations: 99729)
Completed 200 OK in 734ms (Views: 723.1ms | ActiveRecord: 0.0ms | Allocations: 103851)


Started GET "/" for 127.0.0.1 at 2024-07-08 17:42:30 -0500
  [1m[36mActiveRecord::SchemaMigration Load (0.4ms)[0m  [1m[34mSELECT "schema_migrations"."version" FROM "schema_migrations" ORDER BY "schema_migrations"."version" ASC[0m
Processing by PagesController#index as HTML
  Rendering layout layouts/application.html.erb
  Rendering pages/index.html.erb within layouts/application
  Rendered application/_header.html.erb (Duration: 0.7ms | Allocations: 98)
  Rendered application/_footer.html.erb (Duration: 0.6ms | Allocations: 92)
  Rendered pages/index.html.erb within layouts/application (Duration: 4.5ms | Allocations: 718)
  Rendered layout layouts/application.html.erb (Duration: 216.4ms | Allocations: 37684)
Completed 200 OK in 237ms (Views: 225.7ms | ActiveRecord: 0.0ms | Allocations: 41802)


Started GET "/" for 127.0.0.1 at 2024-07-08 17:42:55 -0500
Processing by PagesController#index as HTML
  Rendering layout layouts/application.html.erb
  Rendering pages/index.html.erb within layouts/application
  Rendered application/_header.html.erb (Duration: 0.5ms | Allocations: 90)
  Rendered application/_footer.html.erb (Duration: 0.5ms | Allocations: 90)
  Rendered pages/index.html.erb within layouts/application (Duration: 2.9ms | Allocations: 560)
  Rendered layout layouts/application.html.erb (Duration: 32.1ms | Allocations: 16249)
Completed 200 OK in 36ms (Views: 34.8ms | ActiveRecord: 0.0ms | Allocations: 17165)


Started GET "/" for 127.0.0.1 at 2024-07-08 17:45:33 -0500
Processing by PagesController#index as HTML
  Rendering layout layouts/application.html.erb
  Rendering pages/index.html.erb within layouts/application
  Rendered application/_header.html.erb (Duration: 1.3ms | Allocations: 113)
  Rendered application/_footer.html.erb (Duration: 0.6ms | Allocations: 90)
  Rendered pages/index.html.erb within layouts/application (Duration: 4.8ms | Allocations: 580)
  Rendered layout layouts/application.html.erb (Duration: 34.3ms | Allocations: 16067)
Completed 200 OK in 40ms (Views: 37.9ms | ActiveRecord: 0.0ms | Allocations: 16978)


Started GET "/" for 127.0.0.1 at 2024-07-08 17:48:59 -0500
Processing by PagesController#index as HTML
  Rendering layout layouts/application.html.erb
  Rendering pages/index.html.erb within layouts/application
  Rendered application/_header.html.erb (Duration: 0.8ms | Allocations: 112)
  Rendered application/_footer.html.erb (Duration: 1.0ms | Allocations: 114)
  Rendered pages/index.html.erb within layouts/application (Duration: 4.5ms | Allocations: 607)
  Rendered layout layouts/application.html.erb (Duration: 40.7ms | Allocations: 16302)
Completed 200 OK in 44ms (Views: 43.2ms | ActiveRecord: 0.0ms | Allocations: 17217)


Started GET "/" for 127.0.0.1 at 2024-07-08 17:49:36 -0500
Processing by PagesController#index as HTML
  Rendering layout layouts/application.html.erb
  Rendering pages/index.html.erb within layouts/application
  Rendered application/_header.html.erb (Duration: 0.5ms | Allocations: 112)
  Rendered application/_footer.html.erb (Duration: 1.3ms | Allocations: 114)
  Rendered pages/index.html.erb within layouts/application (Duration: 3.8ms | Allocations: 606)
  Rendered layout layouts/application.html.erb (Duration: 44.3ms | Allocations: 16322)
Completed 200 OK in 49ms (Views: 47.6ms | ActiveRecord: 0.0ms | Allocations: 17236)


Started GET "/" for 127.0.0.1 at 2024-07-08 17:51:45 -0500
Processing by PagesController#index as HTML
  Rendering layout layouts/application.html.erb
  Rendering pages/index.html.erb within layouts/application
  Rendered application/_header.html.erb (Duration: 0.7ms | Allocations: 112)
  Rendered application/_footer.html.erb (Duration: 0.7ms | Allocations: 136)
  Rendered pages/index.html.erb within layouts/application (Duration: 4.0ms | Allocations: 625)
  Rendered layout layouts/application.html.erb (Duration: 85.5ms | Allocations: 16130)
Completed 200 OK in 93ms (Views: 89.7ms | ActiveRecord: 0.0ms | Allocations: 17044)


Started GET "/" for 127.0.0.1 at 2024-07-08 17:53:47 -0500
Processing by PagesController#index as HTML
  Rendering layout layouts/application.html.erb
  Rendering pages/index.html.erb within layouts/application
  Rendered application/_header.html.erb (Duration: 0.6ms | Allocations: 198)
  Rendered application/_footer.html.erb (Duration: 0.5ms | Allocations: 135)
  Rendered pages/index.html.erb within layouts/application (Duration: 3.0ms | Allocations: 714)
  Rendered layout layouts/application.html.erb (Duration: 21.2ms | Allocations: 16399)
Completed 200 OK in 25ms (Views: 23.9ms | ActiveRecord: 0.0ms | Allocations: 17312)


Started GET "/users/" for 127.0.0.1 at 2024-07-08 17:53:48 -0500
  
ActionController::RoutingError (No route matches [GET] "/users"):
  
Started GET "/users/" for 127.0.0.1 at 2024-07-08 17:53:48 -0500
  
ActionController::RoutingError (No route matches [GET] "/users"):
  
Started GET "/" for 127.0.0.1 at 2024-07-08 17:53:52 -0500
Processing by PagesController#index as HTML
  Rendering layout layouts/application.html.erb
  Rendering pages/index.html.erb within layouts/application
  Rendered application/_header.html.erb (Duration: 0.1ms | Allocations: 26)
  Rendered application/_footer.html.erb (Duration: 0.0ms | Allocations: 8)
  Rendered pages/index.html.erb within layouts/application (Duration: 0.8ms | Allocations: 159)
  Rendered layout layouts/application.html.erb (Duration: 12.9ms | Allocations: 1431)
Completed 200 OK in 15ms (Views: 14.2ms | ActiveRecord: 0.0ms | Allocations: 1669)


Started GET "/" for 127.0.0.1 at 2024-07-08 17:55:01 -0500
Processing by PagesController#index as HTML
  Rendering layout layouts/application.html.erb
  Rendering pages/index.html.erb within layouts/application
  Rendered application/_header.html.erb (Duration: 0.8ms | Allocations: 182)
  Rendered application/_footer.html.erb (Duration: 0.8ms | Allocations: 135)
  Rendered pages/index.html.erb within layouts/application (Duration: 3.8ms | Allocations: 696)
  Rendered layout layouts/application.html.erb (Duration: 38.1ms | Allocations: 16380)
Completed 200 OK in 45ms (Views: 41.4ms | ActiveRecord: 0.0ms | Allocations: 17293)


Started GET "/service_offers/" for 127.0.0.1 at 2024-07-08 17:55:02 -0500
Processing by ServiceOffersController#index as HTML
  Rendering layout layouts/application.html.erb
  Rendering service_offers/index.html.erb within layouts/application
  Rendered service_offers/index.html.erb within layouts/application (Duration: 0.6ms | Allocations: 91)
  Rendered layout layouts/application.html.erb (Duration: 4.4ms | Allocations: 1353)
Completed 200 OK in 7ms (Views: 5.4ms | ActiveRecord: 0.0ms | Allocations: 1811)


Started GET "/users/" for 127.0.0.1 at 2024-07-08 17:55:04 -0500
Processing by UsersController#index as HTML
  Rendering layout layouts/application.html.erb
  Rendering users/index.html.erb within layouts/application
  Rendered users/index.html.erb within layouts/application (Duration: 0.8ms | Allocations: 91)
  Rendered layout layouts/application.html.erb (Duration: 3.8ms | Allocations: 1365)
Completed 200 OK in 6ms (Views: 5.5ms | ActiveRecord: 0.0ms | Allocations: 1822)


Started GET "/" for 127.0.0.1 at 2024-07-08 17:56:29 -0500
Processing by PagesController#index as HTML
  Rendering layout layouts/application.html.erb
  Rendering pages/index.html.erb within layouts/application
  Rendered application/_header.html.erb (Duration: 0.9ms | Allocations: 184)
  Rendered application/_footer.html.erb (Duration: 1.1ms | Allocations: 135)
  Rendered pages/index.html.erb within layouts/application (Duration: 5.0ms | Allocations: 700)
  Rendered layout layouts/application.html.erb (Duration: 53.2ms | Allocations: 16366)
Completed 200 OK in 60ms (Views: 57.8ms | ActiveRecord: 0.0ms | Allocations: 17279)


Started GET "/" for 127.0.0.1 at 2024-07-08 18:17:31 -0500
  [1m[36mActiveRecord::SchemaMigration Load (0.3ms)[0m  [1m[34mSELECT "schema_migrations"."version" FROM "schema_migrations" ORDER BY "schema_migrations"."version" ASC[0m
Processing by PagesController#index as HTML
  Rendering layout layouts/application.html.erb
  Rendering pages/index.html.erb within layouts/application
  Rendered application/_header.html.erb (Duration: 1.0ms | Allocations: 241)
  Rendered application/_footer.html.erb (Duration: 0.7ms | Allocations: 137)
  Rendered pages/index.html.erb within layouts/application (Duration: 3.8ms | Allocations: 903)
  Rendered layout layouts/application.html.erb (Duration: 138.2ms | Allocations: 36385)
Completed 200 OK in 150ms (Views: 142.7ms | ActiveRecord: 0.0ms | Allocations: 40501)


Started GET "/users/" for 127.0.0.1 at 2024-07-08 18:17:32 -0500
Processing by UsersController#index as HTML
  Rendering layout layouts/application.html.erb
  Rendering users/index.html.erb within layouts/application
  Rendered application/_header.html.erb (Duration: 0.2ms | Allocations: 26)
  Rendered users/index.html.erb within layouts/application (Duration: 3.2ms | Allocations: 1783)
  Rendered layout layouts/application.html.erb (Duration: 3.8ms | Allocations: 1874)
Completed 500 Internal Server Error in 6ms (ActiveRecord: 0.0ms | Allocations: 2341)


  
ActionView::Template::Error (Missing partial /_service_offer with {:locale=>[:en], :formats=>[:html], :variants=>[], :handlers=>[:raw, :erb, :html, :builder, :ruby, :jbuilder]}.

Searched in:
  * "/home/chris/projects/rubyrailCourse/ecomm/marketplace/app/views"
  * "/home/chris/.asdf/installs/ruby/3.3.0/lib/ruby/gems/3.3.0/gems/turbo-rails-2.0.5/app/views"
  * "/home/chris/.asdf/installs/ruby/3.3.0/lib/ruby/gems/3.3.0/gems/actiontext-7.1.3.4/app/views"
  * "/home/chris/.asdf/installs/ruby/3.3.0/lib/ruby/gems/3.3.0/gems/actionmailbox-7.1.3.4/app/views"
):
     7: 
     8: 
     9: 
    10: <%= render "/service_offer" %>
    11: 
    12: 
    13: <%= render "application/footer" %>
  
app/views/users/index.html.erb:10
Started GET "/" for 127.0.0.1 at 2024-07-08 18:17:37 -0500
Processing by PagesController#index as HTML
  Rendering layout layouts/application.html.erb
  Rendering pages/index.html.erb within layouts/application
  Rendered application/_header.html.erb (Duration: 0.2ms | Allocations: 26)
  Rendered application/_footer.html.erb (Duration: 0.1ms | Allocations: 8)
  Rendered pages/index.html.erb within layouts/application (Duration: 1.5ms | Allocations: 159)
  Rendered layout layouts/application.html.erb (Duration: 14.4ms | Allocations: 1416)
Completed 200 OK in 17ms (Views: 15.8ms | ActiveRecord: 0.0ms | Allocations: 1656)


Started GET "/service_offers/" for 127.0.0.1 at 2024-07-08 18:18:17 -0500
Processing by ServiceOffersController#index as HTML
  Rendering layout layouts/application.html.erb
  Rendering service_offers/index.html.erb within layouts/application
  Rendered application/_header.html.erb (Duration: 0.8ms | Allocations: 188)
  Rendered service_offers/_service_offer.html.erb (Duration: 0.5ms | Allocations: 100)
  Rendered application/_footer.html.erb (Duration: 2.0ms | Allocations: 135)
  Rendered service_offers/index.html.erb within layouts/application (Duration: 7.0ms | Allocations: 964)
  Rendered layout layouts/application.html.erb (Duration: 35.8ms | Allocations: 16646)
Completed 200 OK in 40ms (Views: 38.6ms | ActiveRecord: 0.0ms | Allocations: 17562)


Started GET "/users/" for 127.0.0.1 at 2024-07-08 18:18:18 -0500
Processing by UsersController#index as HTML
  Rendering layout layouts/application.html.erb
  Rendering users/index.html.erb within layouts/application
  Rendered application/_header.html.erb (Duration: 0.2ms | Allocations: 26)
  Rendered users/_user.html.erb (Duration: 0.9ms | Allocations: 100)
  Rendered application/_footer.html.erb (Duration: 0.1ms | Allocations: 8)
  Rendered users/index.html.erb within layouts/application (Duration: 3.9ms | Allocations: 529)
  Rendered layout layouts/application.html.erb (Duration: 9.0ms | Allocations: 1799)
Completed 200 OK in 12ms (Views: 10.7ms | ActiveRecord: 0.0ms | Allocations: 2255)


Started GET "/service_offers/" for 127.0.0.1 at 2024-07-08 18:18:27 -0500
Processing by ServiceOffersController#index as HTML
  Rendering layout layouts/application.html.erb
  Rendering service_offers/index.html.erb within layouts/application
  Rendered application/_header.html.erb (Duration: 0.1ms | Allocations: 26)
  Rendered service_offers/_service_offer.html.erb (Duration: 0.0ms | Allocations: 8)
  Rendered application/_footer.html.erb (Duration: 0.0ms | Allocations: 8)
  Rendered service_offers/index.html.erb within layouts/application (Duration: 0.6ms | Allocations: 221)
  Rendered layout layouts/application.html.erb (Duration: 3.8ms | Allocations: 1481)
Completed 200 OK in 6ms (Views: 5.0ms | ActiveRecord: 0.0ms | Allocations: 1719)


Started GET "/users/" for 127.0.0.1 at 2024-07-08 18:18:29 -0500
Processing by UsersController#index as HTML
  Rendering layout layouts/application.html.erb
  Rendering users/index.html.erb within layouts/application
  Rendered application/_header.html.erb (Duration: 0.1ms | Allocations: 26)
  Rendered users/_user.html.erb (Duration: 0.0ms | Allocations: 8)
  Rendered application/_footer.html.erb (Duration: 0.0ms | Allocations: 8)
  Rendered users/index.html.erb within layouts/application (Duration: 0.9ms | Allocations: 221)
  Rendered layout layouts/application.html.erb (Duration: 5.5ms | Allocations: 1484)
Completed 200 OK in 7ms (Views: 6.3ms | ActiveRecord: 0.0ms | Allocations: 1720)


Started GET "/service_offers/" for 127.0.0.1 at 2024-07-08 18:18:29 -0500
Processing by ServiceOffersController#index as HTML
  Rendering layout layouts/application.html.erb
  Rendering service_offers/index.html.erb within layouts/application
  Rendered application/_header.html.erb (Duration: 0.1ms | Allocations: 26)
  Rendered service_offers/_service_offer.html.erb (Duration: 0.1ms | Allocations: 8)
  Rendered application/_footer.html.erb (Duration: 0.1ms | Allocations: 8)
  Rendered service_offers/index.html.erb within layouts/application (Duration: 1.8ms | Allocations: 221)
  Rendered layout layouts/application.html.erb (Duration: 5.8ms | Allocations: 1484)
Completed 200 OK in 7ms (Views: 6.9ms | ActiveRecord: 0.0ms | Allocations: 1720)


Started GET "/users/" for 127.0.0.1 at 2024-07-08 18:18:31 -0500
Processing by UsersController#index as HTML
  Rendering layout layouts/application.html.erb
  Rendering users/index.html.erb within layouts/application
  Rendered application/_header.html.erb (Duration: 0.1ms | Allocations: 26)
  Rendered users/_user.html.erb (Duration: 0.1ms | Allocations: 8)
  Rendered application/_footer.html.erb (Duration: 0.1ms | Allocations: 8)
  Rendered users/index.html.erb within layouts/application (Duration: 2.0ms | Allocations: 221)
  Rendered layout layouts/application.html.erb (Duration: 9.6ms | Allocations: 1487)
Completed 200 OK in 11ms (Views: 11.0ms | ActiveRecord: 0.0ms | Allocations: 1723)


Started GET "/service_offers/" for 127.0.0.1 at 2024-07-08 18:18:32 -0500
Processing by ServiceOffersController#index as HTML
  Rendering layout layouts/application.html.erb
  Rendering service_offers/index.html.erb within layouts/application
  Rendered application/_header.html.erb (Duration: 0.2ms | Allocations: 26)
  Rendered service_offers/_service_offer.html.erb (Duration: 0.1ms | Allocations: 8)
  Rendered application/_footer.html.erb (Duration: 0.1ms | Allocations: 8)
  Rendered service_offers/index.html.erb within layouts/application (Duration: 2.0ms | Allocations: 221)
  Rendered layout layouts/application.html.erb (Duration: 7.0ms | Allocations: 1475)
Completed 200 OK in 9ms (Views: 8.1ms | ActiveRecord: 0.0ms | Allocations: 1711)


Started GET "/service_offers/" for 127.0.0.1 at 2024-07-08 18:19:18 -0500
Processing by ServiceOffersController#index as HTML
  Rendering layout layouts/application.html.erb
  Rendering service_offers/index.html.erb within layouts/application
  Rendered application/_header.html.erb (Duration: 1.1ms | Allocations: 188)
  Rendered service_offers/_service_offer.html.erb (Duration: 1.0ms | Allocations: 98)
  Rendered application/_footer.html.erb (Duration: 1.1ms | Allocations: 191)
  Rendered service_offers/index.html.erb within layouts/application (Duration: 7.8ms | Allocations: 1015)
  Rendered layout layouts/application.html.erb (Duration: 43.8ms | Allocations: 16697)
Completed 200 OK in 48ms (Views: 46.7ms | ActiveRecord: 0.0ms | Allocations: 17608)


Started GET "/pages/index" for 127.0.0.1 at 2024-07-08 18:19:19 -0500
Processing by PagesController#index as HTML
  Rendering layout layouts/application.html.erb
  Rendering pages/index.html.erb within layouts/application
  Rendered application/_header.html.erb (Duration: 0.2ms | Allocations: 26)
  Rendered application/_footer.html.erb (Duration: 0.3ms | Allocations: 24)
  Rendered pages/index.html.erb within layouts/application (Duration: 3.4ms | Allocations: 287)
  Rendered layout layouts/application.html.erb (Duration: 16.2ms | Allocations: 1560)
Completed 200 OK in 20ms (Views: 18.2ms | ActiveRecord: 0.0ms | Allocations: 2016)


Started GET "/pages/about" for 127.0.0.1 at 2024-07-08 18:19:20 -0500
Processing by PagesController#about as HTML
  Rendering layout layouts/application.html.erb
  Rendering pages/about.html.erb within layouts/application
  Rendered pages/about.html.erb within layouts/application (Duration: 3.2ms | Allocations: 91)
  Rendered layout layouts/application.html.erb (Duration: 26.3ms | Allocations: 1361)
Completed 200 OK in 29ms (Views: 27.6ms | ActiveRecord: 0.0ms | Allocations: 1664)


Started GET "/pages/index" for 127.0.0.1 at 2024-07-08 18:19:53 -0500
Processing by PagesController#index as HTML
  Rendering layout layouts/application.html.erb
  Rendering pages/index.html.erb within layouts/application
  Rendered application/_header.html.erb (Duration: 2.8ms | Allocations: 188)
  Rendered application/_footer.html.erb (Duration: 1.5ms | Allocations: 184)
  Rendered pages/index.html.erb within layouts/application (Duration: 9.1ms | Allocations: 753)
  Rendered layout layouts/application.html.erb (Duration: 47.5ms | Allocations: 16425)
Completed 200 OK in 53ms (Views: 51.2ms | ActiveRecord: 0.0ms | Allocations: 17336)


Started GET "/pages/about" for 127.0.0.1 at 2024-07-08 18:19:54 -0500
Processing by PagesController#about as HTML
  Rendering layout layouts/application.html.erb
  Rendering pages/about.html.erb within layouts/application
  Rendered application/_header.html.erb (Duration: 0.2ms | Allocations: 26)
  Rendered application/_footer.html.erb (Duration: 0.1ms | Allocations: 24)
  Rendered pages/about.html.erb within layouts/application (Duration: 2.1ms | Allocations: 289)
  Rendered layout layouts/application.html.erb (Duration: 15.6ms | Allocations: 1575)
Completed 200 OK in 18ms (Views: 16.7ms | ActiveRecord: 0.0ms | Allocations: 1878)


Started GET "/pages/about" for 127.0.0.1 at 2024-07-08 18:19:54 -0500
Processing by PagesController#about as HTML
  Rendering layout layouts/application.html.erb
  Rendering pages/about.html.erb within layouts/application
  Rendered application/_header.html.erb (Duration: 0.1ms | Allocations: 26)
  Rendered application/_footer.html.erb (Duration: 0.1ms | Allocations: 24)
  Rendered pages/about.html.erb within layouts/application (Duration: 0.8ms | Allocations: 177)
  Rendered layout layouts/application.html.erb (Duration: 4.6ms | Allocations: 1429)
Completed 200 OK in 6ms (Views: 5.3ms | ActiveRecord: 0.0ms | Allocations: 1665)


Started GET "/pages/index" for 127.0.0.1 at 2024-07-08 18:19:55 -0500
Processing by PagesController#index as HTML
  Rendering layout layouts/application.html.erb
  Rendering pages/index.html.erb within layouts/application
  Rendered application/_header.html.erb (Duration: 0.2ms | Allocations: 26)
  Rendered application/_footer.html.erb (Duration: 0.2ms | Allocations: 24)
  Rendered pages/index.html.erb within layouts/application (Duration: 1.6ms | Allocations: 177)
  Rendered layout layouts/application.html.erb (Duration: 6.0ms | Allocations: 1438)
Completed 200 OK in 8ms (Views: 6.9ms | ActiveRecord: 0.0ms | Allocations: 1674)


Started GET "/users/" for 127.0.0.1 at 2024-07-08 18:19:56 -0500
Processing by UsersController#index as HTML
  Rendering layout layouts/application.html.erb
  Rendering users/index.html.erb within layouts/application
  Rendered application/_header.html.erb (Duration: 0.1ms | Allocations: 26)
  Rendered users/_user.html.erb (Duration: 0.6ms | Allocations: 98)
  Rendered application/_footer.html.erb (Duration: 0.1ms | Allocations: 24)
  Rendered users/index.html.erb within layouts/application (Duration: 3.4ms | Allocations: 545)
  Rendered layout layouts/application.html.erb (Duration: 7.8ms | Allocations: 1818)
Completed 200 OK in 15ms (Views: 10.7ms | ActiveRecord: 0.0ms | Allocations: 2274)


Started GET "/service_offers/" for 127.0.0.1 at 2024-07-08 18:19:56 -0500
Processing by ServiceOffersController#index as HTML
  Rendering layout layouts/application.html.erb
  Rendering service_offers/index.html.erb within layouts/application
  Rendered application/_header.html.erb (Duration: 0.1ms | Allocations: 26)
  Rendered service_offers/_service_offer.html.erb (Duration: 0.6ms | Allocations: 98)
  Rendered application/_footer.html.erb (Duration: 0.1ms | Allocations: 24)
  Rendered service_offers/index.html.erb within layouts/application (Duration: 3.2ms | Allocations: 542)
  Rendered layout layouts/application.html.erb (Duration: 7.1ms | Allocations: 1806)
Completed 200 OK in 11ms (Views: 8.4ms | ActiveRecord: 0.0ms | Allocations: 2262)


Started GET "/service_offers/" for 127.0.0.1 at 2024-07-08 18:23:21 -0500
Processing by ServiceOffersController#index as HTML
  Rendering layout layouts/application.html.erb
  Rendering service_offers/index.html.erb within layouts/application
  Rendered application/_header.html.erb (Duration: 1.3ms | Allocations: 188)
  Rendered service_offers/_service_offer.html.erb (Duration: 1.0ms | Allocations: 98)
  Rendered application/_footer.html.erb (Duration: 0.9ms | Allocations: 184)
  Rendered service_offers/index.html.erb within layouts/application (Duration: 8.6ms | Allocations: 1006)
  Rendered layout layouts/application.html.erb (Duration: 43.0ms | Allocations: 16712)
Completed 200 OK in 51ms (Views: 49.9ms | ActiveRecord: 0.0ms | Allocations: 17623)


Started GET "/users/" for 127.0.0.1 at 2024-07-08 18:23:23 -0500
Processing by UsersController#index as HTML
  Rendering layout layouts/application.html.erb
  Rendering users/index.html.erb within layouts/application
  Rendered application/_header.html.erb (Duration: 0.1ms | Allocations: 26)
  Rendered users/index.html.erb within layouts/application (Duration: 1.5ms | Allocations: 1281)
  Rendered layout layouts/application.html.erb (Duration: 1.9ms | Allocations: 1372)
Completed 500 Internal Server Error in 23ms (ActiveRecord: 0.0ms | Allocations: 8661)


  
ActionView::Template::Error (undefined method `user' for an instance of ActiveRecord::Relation):
     7: 
     8: 
     9: 
    10: <%= render @users.user %>
    11: 
    12: 
    13: <%= render "application/footer" %>
  
app/views/users/index.html.erb:10
Started GET "/users/" for 127.0.0.1 at 2024-07-08 18:24:49 -0500
Processing by UsersController#index as HTML
  Rendering layout layouts/application.html.erb
  Rendering users/index.html.erb within layouts/application
  Rendered application/_header.html.erb (Duration: 0.7ms | Allocations: 188)
  Rendered users/index.html.erb within layouts/application (Duration: 2.6ms | Allocations: 1414)
  Rendered layout layouts/application.html.erb (Duration: 3.0ms | Allocations: 1506)
Completed 500 Internal Server Error in 13ms (ActiveRecord: 0.0ms | Allocations: 3494)


  
ActionView::Template::Error (undefined method `user' for an instance of ActiveRecord::Relation):
     7: 
     8: 
     9: 
    10: <%= render @users.user %>
    11: 
    12: 
    13: <%= render "application/footer" %>
  
app/views/users/index.html.erb:10
Started GET "/users/" for 127.0.0.1 at 2024-07-08 18:31:37 -0500
Processing by UsersController#index as HTML
  Rendering layout layouts/application.html.erb
  Rendering users/index.html.erb within layouts/application
  Rendered application/_header.html.erb (Duration: 2.9ms | Allocations: 188)
  Rendered users/index.html.erb within layouts/application (Duration: 8.3ms | Allocations: 1416)
  Rendered layout layouts/application.html.erb (Duration: 9.9ms | Allocations: 1508)
Completed 500 Internal Server Error in 22ms (ActiveRecord: 0.0ms | Allocations: 3495)


  
ActionView::Template::Error (undefined method `user' for an instance of ActiveRecord::Relation):
     7: 
     8: 
     9: 
    10: <%= render @users.user %>
    11: 
    12: 
    13: <%= render "application/footer" %>
  
app/views/users/index.html.erb:10
Started GET "/users/" for 127.0.0.1 at 2024-07-08 18:34:09 -0500
Processing by UsersController#index as HTML
  Rendering layout layouts/application.html.erb
  Rendering users/index.html.erb within layouts/application
  Rendered application/_header.html.erb (Duration: 3.3ms | Allocations: 188)
  [1m[36mUser Load (1.0ms)[0m  [1m[34mSELECT "users".* FROM "users"[0m
  ↳ app/views/users/index.html.erb:10
  Rendered collection of users/_user.html.erb [1 times] (Duration: 8.4ms | Allocations: 1315)
  Rendered users/index.html.erb within layouts/application (Duration: 106.2ms | Allocations: 15541)
  Rendered layout layouts/application.html.erb (Duration: 108.4ms | Allocations: 15633)
Completed 500 Internal Server Error in 127ms (ActiveRecord: 7.5ms | Allocations: 17620)


  
ActionView::Template::Error (undefined method `user_name' for an instance of ActiveRecord::Relation):
    3:         Profile Pic
    4:     </div>
    5:     <div>
    6:         <%=@users.user_name%>
    7:     </div>
    8:     <div>
    9:         Likes
  
app/views/users/_user.html.erb:6
app/views/users/index.html.erb:10
Started GET "/users/" for 127.0.0.1 at 2024-07-08 18:34:44 -0500
Processing by UsersController#index as HTML
  Rendering layout layouts/application.html.erb
  Rendering users/index.html.erb within layouts/application
  Rendered application/_header.html.erb (Duration: 3.4ms | Allocations: 188)
  [1m[36mUser Load (0.2ms)[0m  [1m[34mSELECT "users".* FROM "users"[0m
  ↳ app/views/users/index.html.erb:10
  Rendered collection of users/_user.html.erb [1 times] (Duration: 0.8ms | Allocations: 155)
  Rendered application/_footer.html.erb (Duration: 1.0ms | Allocations: 184)
  Rendered users/index.html.erb within layouts/application (Duration: 26.1ms | Allocations: 5718)
  Rendered layout layouts/application.html.erb (Duration: 52.6ms | Allocations: 21414)
Completed 200 OK in 62ms (Views: 50.9ms | ActiveRecord: 4.2ms | Allocations: 23416)


Started GET "/users/" for 127.0.0.1 at 2024-07-08 18:44:42 -0500
Processing by UsersController#index as HTML
  Rendering layout layouts/application.html.erb
  Rendering users/index.html.erb within layouts/application
  Rendered application/_header.html.erb (Duration: 1.3ms | Allocations: 188)
  [1m[36mUser Load (2.6ms)[0m  [1m[34mSELECT "users".* FROM "users"[0m
  ↳ app/views/users/index.html.erb:10
  Rendered collection of users/_user.html.erb [1 times] (Duration: 2.3ms | Allocations: 271)
  Rendered application/_footer.html.erb (Duration: 1.3ms | Allocations: 184)
  Rendered users/index.html.erb within layouts/application (Duration: 24.6ms | Allocations: 5269)
  Rendered layout layouts/application.html.erb (Duration: 50.1ms | Allocations: 20944)
Completed 200 OK in 61ms (Views: 48.9ms | ActiveRecord: 3.7ms | Allocations: 22946)


Started GET "/users/1" for 127.0.0.1 at 2024-07-08 18:44:44 -0500
Processing by UsersController#show as HTML
  Parameters: {"id"=>"1"}
  [1m[36mUser Load (0.2ms)[0m  [1m[34mSELECT "users".* FROM "users" WHERE "users"."id" = ? LIMIT ?[0m  [["id", 1], ["LIMIT", 1]]
  ↳ app/controllers/users_controller.rb:7:in `show'
  Rendering layout layouts/application.html.erb
  Rendering users/show.html.erb within layouts/application
  [1m[36mTaxRateByLocation Load (0.1ms)[0m  [1m[34mSELECT "tax_rate_by_locations".* FROM "tax_rate_by_locations" WHERE "tax_rate_by_locations"."id" = ? LIMIT ?[0m  [["id", 1], ["LIMIT", 1]]
  ↳ app/views/users/show.html.erb:10
  Rendered application/_footer.html.erb (Duration: 0.1ms | Allocations: 26)
  Rendered users/show.html.erb within layouts/application (Duration: 35.0ms | Allocations: 11248)
  Rendered layout layouts/application.html.erb (Duration: 37.9ms | Allocations: 12507)
Completed 200 OK in 43ms (Views: 38.0ms | ActiveRecord: 0.8ms | Allocations: 15055)


Started GET "/users/1" for 127.0.0.1 at 2024-07-08 18:46:22 -0500
Processing by UsersController#show as HTML
  Parameters: {"id"=>"1"}
  [1m[36mUser Load (0.1ms)[0m  [1m[34mSELECT "users".* FROM "users" WHERE "users"."id" = ? LIMIT ?[0m  [["id", 1], ["LIMIT", 1]]
  ↳ app/controllers/users_controller.rb:7:in `show'
  Rendering layout layouts/application.html.erb
  Rendering users/show.html.erb within layouts/application
  [1m[36mTaxRateByLocation Load (0.2ms)[0m  [1m[34mSELECT "tax_rate_by_locations".* FROM "tax_rate_by_locations" WHERE "tax_rate_by_locations"."id" = ? LIMIT ?[0m  [["id", 1], ["LIMIT", 1]]
  ↳ app/views/users/show.html.erb:10
  Rendered application/_footer.html.erb (Duration: 0.2ms | Allocations: 26)
  Rendered users/show.html.erb within layouts/application (Duration: 3.3ms | Allocations: 595)
  Rendered layout layouts/application.html.erb (Duration: 9.7ms | Allocations: 1833)
Completed 200 OK in 14ms (Views: 11.0ms | ActiveRecord: 0.3ms | Allocations: 2438)


Started GET "/pages/about" for 127.0.0.1 at 2024-07-08 18:46:25 -0500
Processing by PagesController#about as HTML
  Rendering layout layouts/application.html.erb
  Rendering pages/about.html.erb within layouts/application
  Rendered application/_header.html.erb (Duration: 0.1ms | Allocations: 26)
  Rendered application/_footer.html.erb (Duration: 0.1ms | Allocations: 24)
  Rendered pages/about.html.erb within layouts/application (Duration: 1.3ms | Allocations: 291)
  Rendered layout layouts/application.html.erb (Duration: 3.7ms | Allocations: 1573)
Completed 200 OK in 5ms (Views: 4.5ms | ActiveRecord: 0.0ms | Allocations: 2031)


Started GET "/pages/index" for 127.0.0.1 at 2024-07-08 18:46:25 -0500
Processing by PagesController#index as HTML
  Rendering layout layouts/application.html.erb
  Rendering pages/index.html.erb within layouts/application
  Rendered application/_header.html.erb (Duration: 0.1ms | Allocations: 26)
  Rendered application/_footer.html.erb (Duration: 0.3ms | Allocations: 24)
  Rendered pages/index.html.erb within layouts/application (Duration: 1.9ms | Allocations: 287)
  Rendered layout layouts/application.html.erb (Duration: 16.2ms | Allocations: 1550)
Completed 200 OK in 18ms (Views: 17.2ms | ActiveRecord: 0.0ms | Allocations: 1852)


Started GET "/service_offers/" for 127.0.0.1 at 2024-07-08 18:46:27 -0500
Processing by ServiceOffersController#index as HTML
  Rendering layout layouts/application.html.erb
  Rendering service_offers/index.html.erb within layouts/application
  Rendered application/_header.html.erb (Duration: 0.1ms | Allocations: 26)
  [1m[36mServiceOffer Load (0.2ms)[0m  [1m[34mSELECT "service_offers".* FROM "service_offers"[0m
  ↳ app/views/service_offers/index.html.erb:9
  Rendered collection of templates [0 times] (Duration: 0.1ms | Allocations: 22)
  Rendered application/_footer.html.erb (Duration: 0.1ms | Allocations: 24)
  Rendered service_offers/index.html.erb within layouts/application (Duration: 4.1ms | Allocations: 926)
  Rendered layout layouts/application.html.erb (Duration: 8.7ms | Allocations: 2200)
Completed 200 OK in 19ms (Views: 10.2ms | ActiveRecord: 0.2ms | Allocations: 3899)


Started GET "/users/" for 127.0.0.1 at 2024-07-08 18:46:27 -0500
Processing by UsersController#index as HTML
  Rendering layout layouts/application.html.erb
  Rendering users/index.html.erb within layouts/application
  Rendered application/_header.html.erb (Duration: 0.1ms | Allocations: 26)
  [1m[36mUser Load (0.1ms)[0m  [1m[34mSELECT "users".* FROM "users"[0m
  ↳ app/views/users/index.html.erb:10
  Rendered collection of users/_user.html.erb [1 times] (Duration: 0.4ms | Allocations: 56)
  Rendered application/_footer.html.erb (Duration: 0.2ms | Allocations: 24)
  Rendered users/index.html.erb within layouts/application (Duration: 3.8ms | Allocations: 757)
  Rendered layout layouts/application.html.erb (Duration: 8.8ms | Allocations: 2008)
Completed 200 OK in 10ms (Views: 9.7ms | ActiveRecord: 0.1ms | Allocations: 2253)


Started GET "/service_offers/" for 127.0.0.1 at 2024-07-08 18:46:28 -0500
Processing by ServiceOffersController#index as HTML
  Rendering layout layouts/application.html.erb
  Rendering service_offers/index.html.erb within layouts/application
  Rendered application/_header.html.erb (Duration: 0.1ms | Allocations: 26)
  [1m[36mServiceOffer Load (0.1ms)[0m  [1m[34mSELECT "service_offers".* FROM "service_offers"[0m
  ↳ app/views/service_offers/index.html.erb:9
  Rendered collection of templates [0 times] (Duration: 0.0ms | Allocations: 10)
  Rendered application/_footer.html.erb (Duration: 0.1ms | Allocations: 24)
  Rendered service_offers/index.html.erb within layouts/application (Duration: 2.4ms | Allocations: 653)
  Rendered layout layouts/application.html.erb (Duration: 4.9ms | Allocations: 1911)
Completed 200 OK in 6ms (Views: 5.6ms | ActiveRecord: 0.1ms | Allocations: 2155)


Started GET "/users/" for 127.0.0.1 at 2024-07-08 18:46:29 -0500
Processing by UsersController#index as HTML
  Rendering layout layouts/application.html.erb
  Rendering users/index.html.erb within layouts/application
  Rendered application/_header.html.erb (Duration: 0.2ms | Allocations: 26)
  [1m[36mUser Load (0.1ms)[0m  [1m[34mSELECT "users".* FROM "users"[0m
  ↳ app/views/users/index.html.erb:10
  Rendered collection of users/_user.html.erb [1 times] (Duration: 0.3ms | Allocations: 56)
  Rendered application/_footer.html.erb (Duration: 0.2ms | Allocations: 24)
  Rendered users/index.html.erb within layouts/application (Duration: 7.0ms | Allocations: 756)
  Rendered layout layouts/application.html.erb (Duration: 10.6ms | Allocations: 2016)
Completed 200 OK in 14ms (Views: 13.2ms | ActiveRecord: 0.1ms | Allocations: 2261)


